Listening on port 3001
Connected!
{
  data: {
    STUDENT_NAME: 'promoteTest',
    UHID: 'pqr',
    SEX: 'M',
    finalDATEFORM: '2022-6-29',
    PHOTO_URL: '',
    PRESENT_ADDRESS: 'Singjamei',
    PHONE_NO: '',
    PERMANENT_ADDRESS: '',
    FATHER_NAME: 'abc',
    FATHER_OCCUPATION: '',
    MOTHER_NAME: '',
    MOTHER_OCCUPATION: 'rtrty',
    ANNUAL_INCOME: 5200000,
    CLAIM_FEE_EXEMPTION: '',
    finalDOB: '2002-8-22',
    AADHAR_NO: '',
    EMAIL_ID: '',
    STUDENT_MOBILE: '7825',
    CATEGORY: '',
    CLASS12_BOARD: 'COHSEM',
    CLASS12_ROLL: '444444',
    PASSOUT_YEAR: 2021,
    PROGRAM: 'BS',
    SUB: 'PHC'
  }
}
("promoteTest", "pqr", "M", "2022-6-29", "", "Singjamei", "", "", "abc", "", "", "rtrty", 5200000, "", "2002-8-22", "", "", "7825", "", "COHSEM", "444444", 2021, "BS", "PHC");
356
ResultSetHeader {
  fieldCount: 0,
  affectedRows: 1,
  insertId: 0,
  info: 'Rows matched: 1  Changed: 1  Warnings: 0',
  serverStatus: 2,
  warningStatus: 0,
  changedRows: 1
}
{
  data: {
    ID: 356,
    STUDENT_NAME: 'promoteTest',
    SEM_YEAR: '2022',
    SEMESTER: '1',
    PROMOTED: 'N',
    ADM_FEE: 'PAID',
    EXM_FEE: 'PAID',
    EXM_FEE_PHASE: '1'
  }
}
2 2022 356
ResultSetHeader {
  fieldCount: 0,
  affectedRows: 0,
  insertId: 0,
  info: '',
  serverStatus: 16418,
  warningStatus: 0
}
356
ResultSetHeader {
  fieldCount: 0,
  affectedRows: 0,
  insertId: 0,
  info: '',
  serverStatus: 16386,
  warningStatus: 0
}
